<?xml version="1.0" encoding="UTF-8"?>
<!-- Generated by org.testng.reporters.JUnitXMLReporter -->
<testsuite ignored="3" hostname="RomanEmpire" failures="0" tests="1" name="Default test" time="10.077" errors="0" timestamp="2024-07-17T12:56:45 IST">
  <testcase classname="scenario2.Admin" name="Counting" time="1.93"/>
  <testcase classname="scenario2.Admin" name="searchByUserRole" time="0.0">
    <ignored/>
  </testcase> <!-- searchByUserRole -->
  <testcase classname="scenario2.Admin" name="searchByUserName" time="0.0">
    <ignored/>
  </testcase> <!-- searchByUserName -->
  <testcase classname="scenario2.Admin" name="searchByUserStatus" time="0.0">
    <ignored/>
  </testcase> <!-- searchByUserStatus -->
</testsuite> <!-- Default test -->
