<?xml version="1.0" encoding="UTF-8"?>
<!-- Generated by org.testng.reporters.JUnitXMLReporter -->
<testsuite ignored="0" hostname="RomanEmpire" failures="0" tests="4" name="parallel" time="37.672" errors="0" timestamp="2024-07-18T20:18:53 IST">
  <testcase classname="scenario2.Admin" name="Counting" time="1.934"/>
  <testcase classname="scenario2.Admin" name="searchByUserName" time="2.999"/>
  <testcase classname="scenario2.Admin" name="searchByUserRole" time="4.454"/>
  <testcase classname="scenario2.Admin" name="searchByUserStatus" time="6.486"/>
</testsuite> <!-- parallel -->
