<?xml version="1.0" encoding="UTF-8"?>
<!-- Generated by org.testng.reporters.JUnitXMLReporter -->
<testsuite ignored="0" hostname="RomanEmpire" failures="0" tests="4" name="parallel1" time="136.026" errors="0" timestamp="2024-07-17T12:47:38 IST">
  <testcase classname="scenario2.Admin" name="Counting" time="3.951"/>
  <testcase classname="scenario2.Admin" name="searchByUserName" time="9.05"/>
  <testcase classname="scenario2.Admin" name="searchByUserRole" time="41.126"/>
  <testcase classname="scenario2.Admin" name="searchByUserStatus" time="10.712"/>
</testsuite> <!-- parallel1 -->
