<?xml version="1.0" encoding="UTF-8"?>
<testng-results ignored="0" total="1" passed="1" failed="0" skipped="0">
  <reporter-output>
  </reporter-output>
  <suite started-at="2024-07-17T12:56:35 IST" name="Default suite" finished-at="2024-07-17T12:56:45 IST" duration-ms="10077">
    <groups>
    </groups>
    <test started-at="2024-07-17T12:56:35 IST" name="Default test" finished-at="2024-07-17T12:56:45 IST" duration-ms="10077">
      <class name="scenario2.Admin">
        <test-method is-config="true" signature="Beforemethod()[pri:0, instance:scenario2.Admin@235ecd9f]" started-at="2024-07-17T12:56:35 IST" name="Beforemethod" finished-at="2024-07-17T12:56:43 IST" duration-ms="8029" status="PASS">
          <reporter-output>
          </reporter-output>
        </test-method> <!-- Beforemethod -->
        <test-method signature="Counting()[pri:0, instance:scenario2.Admin@235ecd9f]" started-at="2024-07-17T12:56:43 IST" name="Counting" finished-at="2024-07-17T12:56:45 IST" duration-ms="1930" status="PASS">
          <reporter-output>
          </reporter-output>
        </test-method> <!-- Counting -->
        <test-method is-config="true" signature="close()[pri:0, instance:scenario2.Admin@235ecd9f]" started-at="2024-07-17T12:56:45 IST" name="close" finished-at="2024-07-17T12:56:45 IST" duration-ms="84" status="PASS">
          <reporter-output>
          </reporter-output>
        </test-method> <!-- close -->
      </class> <!-- scenario2.Admin -->
    </test> <!-- Default test -->
  </suite> <!-- Default suite -->
</testng-results>
